<?xml version="1.0" encoding="UTF-8"?>
<!-- Generated by org.testng.reporters.JUnitReportReporter -->
<testsuite skipped="0" hostname="DESKTOP-37SPHMU" name="Test.AddCategoryTest" tests="1" failures="0" timestamp="2023-01-19T13:54:28 CST" time="5.972" errors="0">
  <testcase name="userAbleToAddCategory" time="5.972" classname="Test.AddCategoryTest"/>
  <system-out/>
</testsuite> <!-- Test.AddCategoryTest -->
